<?xml version="1.0" encoding="UTF-8"?>
<!-- Generated by org.testng.reporters.JUnitXMLReporter -->
<testsuite ignored="0" hostname="DESKTOP-38D239J" failures="0" tests="3" name="Default test" time="0.564" errors="0" timestamp="2022-12-27T22:46:26 IST">
  <testcase classname="framework.DataSets.ExcelReader" name="readExcel2" time="0.004"/>
  <testcase classname="framework.DataSets.ExcelReader" name="readExcel2" time="0.001"/>
  <testcase classname="framework.DataSets.ExcelReader" name="readExcel2" time="0.002"/>
</testsuite> <!-- Default test -->
