<?xml version="1.0" encoding="UTF-8"?>
<!-- Generated by org.testng.reporters.JUnitXMLReporter -->
<testsuite ignored="0" hostname="DESKTOP-38D239J" failures="1" tests="3" name="Test2" time="30.699" errors="0" timestamp="2022-12-24T09:42:18 IST">
  <testcase classname="framework.Tests.LoginMessage" name="YerrorMessage" time="0.696"/>
  <testcase classname="framework.Tests.LoginMessage" name="YerrorMessage1" time="1.146">
    <failure type="java.lang.AssertionError" message="expected [3 email or password.] but found [Incorrect email or password.]">
      <![CDATA[java.lang.AssertionError: expected [3 email or password.] but found [Incorrect email or password.]
at framework.Tests.LoginMessage.YerrorMessage1(LoginMessage.java:21)
at java.base/java.util.ArrayList.forEach(ArrayList.java:1511)
at java.base/java.util.concurrent.FutureTask.run(FutureTask.java:264)
at java.base/java.util.concurrent.ThreadPoolExecutor.runWorker(ThreadPoolExecutor.java:1136)
at java.base/java.util.concurrent.ThreadPoolExecutor$Worker.run(ThreadPoolExecutor.java:635)
at java.base/java.lang.Thread.run(Thread.java:833)
... Removed 24 stack frames]]>
    </failure>
  </testcase> <!-- YerrorMessage1 -->
  <testcase classname="framework.Tests.LoginMessage" name="YerrorMessage2" time="1.631"/>
</testsuite> <!-- Test2 -->
