<?xml version="1.0" encoding="UTF-8"?>
<testng-results ignored="0" total="3" passed="3" failed="0" skipped="0">
  <reporter-output>
  </reporter-output>
  <suite started-at="2022-12-27T22:46:25 IST" name="Default suite" finished-at="2022-12-27T22:46:26 IST" duration-ms="564">
    <groups>
    </groups>
    <test started-at="2022-12-27T22:46:25 IST" name="Default test" finished-at="2022-12-27T22:46:26 IST" duration-ms="564">
      <class name="framework.DataSets.ExcelReader">
        <test-method signature="readExcel2(java.lang.String,java.lang.String,java.lang.String)[pri:0, instance:framework.DataSets.ExcelReader@316bcf94]" started-at="2022-12-27T22:46:26 IST" name="readExcel2" data-provider="data" finished-at="2022-12-27T22:46:26 IST" duration-ms="4" status="PASS">
          <params>
            <param index="0">
              <value>
                <![CDATA[Row2A]]>
              </value>
            </param>
            <param index="1">
              <value>
                <![CDATA[Row2B]]>
              </value>
            </param>
            <param index="2">
              <value>
                <![CDATA[Row2C]]>
              </value>
            </param>
          </params>
          <reporter-output>
          </reporter-output>
        </test-method> <!-- readExcel2 -->
        <test-method signature="readExcel2(java.lang.String,java.lang.String,java.lang.String)[pri:0, instance:framework.DataSets.ExcelReader@316bcf94]" started-at="2022-12-27T22:46:26 IST" name="readExcel2" data-provider="data" finished-at="2022-12-27T22:46:26 IST" duration-ms="1" status="PASS">
          <params>
            <param index="0">
              <value>
                <![CDATA[Row3A]]>
              </value>
            </param>
            <param index="1">
              <value>
                <![CDATA[Row3B]]>
              </value>
            </param>
            <param index="2">
              <value>
                <![CDATA[Row3C]]>
              </value>
            </param>
          </params>
          <reporter-output>
          </reporter-output>
        </test-method> <!-- readExcel2 -->
        <test-method signature="readExcel2(java.lang.String,java.lang.String,java.lang.String)[pri:0, instance:framework.DataSets.ExcelReader@316bcf94]" started-at="2022-12-27T22:46:26 IST" name="readExcel2" data-provider="data" finished-at="2022-12-27T22:46:26 IST" duration-ms="2" status="PASS">
          <params>
            <param index="0">
              <value>
                <![CDATA[Row4A]]>
              </value>
            </param>
            <param index="1">
              <value>
                <![CDATA[Row4B]]>
              </value>
            </param>
            <param index="2">
              <value>
                <![CDATA[Row4C]]>
              </value>
            </param>
          </params>
          <reporter-output>
          </reporter-output>
        </test-method> <!-- readExcel2 -->
      </class> <!-- framework.DataSets.ExcelReader -->
    </test> <!-- Default test -->
  </suite> <!-- Default suite -->
</testng-results>
